<?xml version="1.0" encoding="UTF-8"?>
<testsuite name="ru.mirea.ikbo3021.ApplicationTests" tests="1" skipped="0" failures="0" errors="0" timestamp="2023-03-26T10:06:44" hostname="DESKTOP-5M68U0J" time="0.38">
  <properties/>
  <testcase name="contextLoads()" classname="ru.mirea.ikbo3021.ApplicationTests" time="0.38"/>
  <system-out><![CDATA[13:06:43.436 [Test worker] DEBUG org.springframework.test.context.BootstrapUtils - Instantiating CacheAwareContextLoaderDelegate from class [org.springframework.test.context.cache.DefaultCacheAwareContextLoaderDelegate]
13:06:43.449 [Test worker] DEBUG org.springframework.test.context.BootstrapUtils - Instantiating BootstrapContext using constructor [public org.springframework.test.context.support.DefaultBootstrapContext(java.lang.Class,org.springframework.test.context.CacheAwareContextLoaderDelegate)]
13:06:43.484 [Test worker] DEBUG org.springframework.test.context.BootstrapUtils - Instantiating TestContextBootstrapper for test class [ru.mirea.ikbo3021.ApplicationTests] from class [org.springframework.boot.test.context.SpringBootTestContextBootstrapper]
13:06:43.495 [Test worker] INFO org.springframework.boot.test.context.SpringBootTestContextBootstrapper - Neither @ContextConfiguration nor @ContextHierarchy found for test class [ru.mirea.ikbo3021.ApplicationTests], using SpringBootContextLoader
13:06:43.499 [Test worker] DEBUG org.springframework.test.context.support.AbstractContextLoader - Did not detect default resource location for test class [ru.mirea.ikbo3021.ApplicationTests]: class path resource [ru/mirea/ikbo3021/ApplicationTests-context.xml] does not exist
13:06:43.500 [Test worker] DEBUG org.springframework.test.context.support.AbstractContextLoader - Did not detect default resource location for test class [ru.mirea.ikbo3021.ApplicationTests]: class path resource [ru/mirea/ikbo3021/ApplicationTestsContext.groovy] does not exist
13:06:43.500 [Test worker] INFO org.springframework.test.context.support.AbstractContextLoader - Could not detect default resource locations for test class [ru.mirea.ikbo3021.ApplicationTests]: no resource found for suffixes {-context.xml, Context.groovy}.
13:06:43.501 [Test worker] INFO org.springframework.test.context.support.AnnotationConfigContextLoaderUtils - Could not detect default configuration classes for test class [ru.mirea.ikbo3021.ApplicationTests]: ApplicationTests does not declare any static, non-private, non-final, nested classes annotated with @Configuration.
13:06:43.539 [Test worker] DEBUG org.springframework.test.context.support.ActiveProfilesUtils - Could not find an 'annotation declaring class' for annotation type [org.springframework.test.context.ActiveProfiles] and class [ru.mirea.ikbo3021.ApplicationTests]
13:06:43.601 [Test worker] DEBUG org.springframework.context.annotation.ClassPathScanningCandidateComponentProvider - Identified candidate component class: file [C:\Users\Илья\IdeaProjects\task10\build\classes\java\main\ru\mirea\ikbo3021\Application.class]
13:06:43.602 [Test worker] INFO org.springframework.boot.test.context.SpringBootTestContextBootstrapper - Found @SpringBootConfiguration ru.mirea.ikbo3021.Application for test class ru.mirea.ikbo3021.ApplicationTests
13:06:43.685 [Test worker] DEBUG org.springframework.boot.test.context.SpringBootTestContextBootstrapper - @TestExecutionListeners is not present for class [ru.mirea.ikbo3021.ApplicationTests]: using defaults.
13:06:43.686 [Test worker] INFO org.springframework.boot.test.context.SpringBootTestContextBootstrapper - Loaded default TestExecutionListener class names from location [META-INF/spring.factories]: [org.springframework.boot.test.autoconfigure.restdocs.RestDocsTestExecutionListener, org.springframework.boot.test.autoconfigure.web.client.MockRestServiceServerResetTestExecutionListener, org.springframework.boot.test.autoconfigure.web.servlet.MockMvcPrintOnlyOnFailureTestExecutionListener, org.springframework.boot.test.autoconfigure.web.servlet.WebDriverTestExecutionListener, org.springframework.boot.test.autoconfigure.webservices.client.MockWebServiceServerTestExecutionListener, org.springframework.boot.test.mock.mockito.MockitoTestExecutionListener, org.springframework.boot.test.mock.mockito.ResetMocksTestExecutionListener, org.springframework.test.context.web.ServletTestExecutionListener, org.springframework.test.context.support.DirtiesContextBeforeModesTestExecutionListener, org.springframework.test.context.event.ApplicationEventsTestExecutionListener, org.springframework.test.context.support.DependencyInjectionTestExecutionListener, org.springframework.test.context.support.DirtiesContextTestExecutionListener, org.springframework.test.context.transaction.TransactionalTestExecutionListener, org.springframework.test.context.jdbc.SqlScriptsTestExecutionListener, org.springframework.test.context.event.EventPublishingTestExecutionListener]
13:06:43.698 [Test worker] DEBUG org.springframework.boot.test.context.SpringBootTestContextBootstrapper - Skipping candidate TestExecutionListener [org.springframework.test.context.web.ServletTestExecutionListener] due to a missing dependency. Specify custom listener classes or make the default listener classes and their required dependencies available. Offending class: [javax/servlet/ServletContext]
13:06:43.700 [Test worker] DEBUG org.springframework.boot.test.context.SpringBootTestContextBootstrapper - Skipping candidate TestExecutionListener [org.springframework.test.context.transaction.TransactionalTestExecutionListener] due to a missing dependency. Specify custom listener classes or make the default listener classes and their required dependencies available. Offending class: [org/springframework/transaction/interceptor/TransactionAttributeSource]
13:06:43.700 [Test worker] DEBUG org.springframework.boot.test.context.SpringBootTestContextBootstrapper - Skipping candidate TestExecutionListener [org.springframework.test.context.jdbc.SqlScriptsTestExecutionListener] due to a missing dependency. Specify custom listener classes or make the default listener classes and their required dependencies available. Offending class: [org/springframework/transaction/interceptor/TransactionAttribute]
13:06:43.701 [Test worker] INFO org.springframework.boot.test.context.SpringBootTestContextBootstrapper - Using TestExecutionListeners: [org.springframework.test.context.support.DirtiesContextBeforeModesTestExecutionListener@50f61b5f, org.springframework.test.context.event.ApplicationEventsTestExecutionListener@c073660, org.springframework.boot.test.mock.mockito.MockitoTestExecutionListener@69689d3b, org.springframework.boot.test.autoconfigure.SpringBootDependencyInjectionTestExecutionListener@d5d8eb2, org.springframework.test.context.support.DirtiesContextTestExecutionListener@6d9140a5, org.springframework.test.context.event.EventPublishingTestExecutionListener@5890df41, org.springframework.boot.test.autoconfigure.restdocs.RestDocsTestExecutionListener@753c102d, org.springframework.boot.test.autoconfigure.web.client.MockRestServiceServerResetTestExecutionListener@14f52826, org.springframework.boot.test.autoconfigure.web.servlet.MockMvcPrintOnlyOnFailureTestExecutionListener@7306c675, org.springframework.boot.test.autoconfigure.web.servlet.WebDriverTestExecutionListener@2db26583, org.springframework.boot.test.autoconfigure.webservices.client.MockWebServiceServerTestExecutionListener@389aa560, org.springframework.boot.test.mock.mockito.ResetMocksTestExecutionListener@5131e4d]
13:06:43.705 [Test worker] DEBUG org.springframework.test.context.support.AbstractDirtiesContextTestExecutionListener - Before test class: context [DefaultTestContext@7b2793f8 testClass = ApplicationTests, testInstance = [null], testMethod = [null], testException = [null], mergedContextConfiguration = [MergedContextConfiguration@5ae8d02f testClass = ApplicationTests, locations = '{}', classes = '{class ru.mirea.ikbo3021.Application}', contextInitializerClasses = '[]', activeProfiles = '{}', propertySourceLocations = '{}', propertySourceProperties = '{org.springframework.boot.test.context.SpringBootTestContextBootstrapper=true}', contextCustomizers = set[org.springframework.boot.test.autoconfigure.actuate.metrics.MetricsExportContextCustomizerFactory$DisableMetricExportContextCustomizer@6d30aa6e, org.springframework.boot.test.autoconfigure.properties.PropertyMappingContextCustomizer@0, org.springframework.boot.test.autoconfigure.web.servlet.WebDriverContextCustomizerFactory$Customizer@78ce92ef, org.springframework.boot.test.context.filter.ExcludeFilterContextCustomizer@34307a75, org.springframework.boot.test.json.DuplicateJsonObjectContextCustomizerFactory$DuplicateJsonObjectContextCustomizer@3e48a470, org.springframework.boot.test.mock.mockito.MockitoContextCustomizer@0, org.springframework.boot.test.web.client.TestRestTemplateContextCustomizer@7a070482, org.springframework.boot.test.context.SpringBootTestArgs@1, org.springframework.boot.test.context.SpringBootTestWebEnvironment@3ea570a5], contextLoader = 'org.springframework.boot.test.context.SpringBootContextLoader', parent = [null]], attributes = map[[empty]]], class annotated with @DirtiesContext [false] with mode [null].
13:06:43.717 [Test worker] DEBUG org.springframework.test.context.support.DependencyInjectionTestExecutionListener - Performing dependency injection for test context [[DefaultTestContext@7b2793f8 testClass = ApplicationTests, testInstance = ru.mirea.ikbo3021.ApplicationTests@58544a76, testMethod = [null], testException = [null], mergedContextConfiguration = [MergedContextConfiguration@5ae8d02f testClass = ApplicationTests, locations = '{}', classes = '{class ru.mirea.ikbo3021.Application}', contextInitializerClasses = '[]', activeProfiles = '{}', propertySourceLocations = '{}', propertySourceProperties = '{org.springframework.boot.test.context.SpringBootTestContextBootstrapper=true}', contextCustomizers = set[org.springframework.boot.test.autoconfigure.actuate.metrics.MetricsExportContextCustomizerFactory$DisableMetricExportContextCustomizer@6d30aa6e, org.springframework.boot.test.autoconfigure.properties.PropertyMappingContextCustomizer@0, org.springframework.boot.test.autoconfigure.web.servlet.WebDriverContextCustomizerFactory$Customizer@78ce92ef, org.springframework.boot.test.context.filter.ExcludeFilterContextCustomizer@34307a75, org.springframework.boot.test.json.DuplicateJsonObjectContextCustomizerFactory$DuplicateJsonObjectContextCustomizer@3e48a470, org.springframework.boot.test.mock.mockito.MockitoContextCustomizer@0, org.springframework.boot.test.web.client.TestRestTemplateContextCustomizer@7a070482, org.springframework.boot.test.context.SpringBootTestArgs@1, org.springframework.boot.test.context.SpringBootTestWebEnvironment@3ea570a5], contextLoader = 'org.springframework.boot.test.context.SpringBootContextLoader', parent = [null]], attributes = map['org.springframework.test.context.event.ApplicationEventsTestExecutionListener.recordApplicationEvents' -> false]]].
13:06:43.739 [Test worker] DEBUG org.springframework.test.context.support.TestPropertySourceUtils - Adding inlined properties to environment: {spring.jmx.enabled=false, org.springframework.boot.test.context.SpringBootTestContextBootstrapper=true}

  .   ____          _            __ _ _
 /\\ / ___'_ __ _ _(_)_ __  __ _ \ \ \ \
( ( )\___ | '_ | '_| | '_ \/ _` | \ \ \ \
 \\/  ___)| |_)| | | | | || (_| |  ) ) ) )
  '  |____| .__|_| |_|_| |_\__, | / / / /
 =========|_|==============|___/=/_/_/_/
 :: Spring Boot ::                (v2.4.5)

2023-03-26 13:06:43.980  INFO 11880 --- [    Test worker] ru.mirea.ikbo3021.ApplicationTests       : Starting ApplicationTests using Java 15.0.10 on DESKTOP-5M68U0J with PID 11880 (started by Илья in C:\Users\Илья\IdeaProjects\task10)
2023-03-26 13:06:43.983  INFO 11880 --- [    Test worker] ru.mirea.ikbo3021.ApplicationTests       : No active profile set, falling back to default profiles: default
2023-03-26 13:06:44.417  INFO 11880 --- [    Test worker] ru.mirea.ikbo3021.ApplicationTests       : Started ApplicationTests in 0.675 seconds (JVM running for 5.557)
]]></system-out>
  <system-err><![CDATA[]]></system-err>
</testsuite>
